<?xml version="1.0" encoding="UTF-8"?>
<!-- Generated by org.testng.reporters.JUnitReportReporter -->
<testsuite hostname="Satheesh-Vidhya-Venpa" failures="0" tests="3" name="com.opencart.tests.SearchTest" time="6.885" errors="0" timestamp="2024-05-31T14:37:58 IST" skipped="0">
  <testcase classname="com.opencart.tests.SearchTest" name="verifySearchWithValidProduct" time="2.192"/>
  <testcase classname="com.opencart.tests.SearchTest" name="verifySearchWithInvalidProduct" time="2.275"/>
  <testcase classname="com.opencart.tests.SearchTest" name="verifySearchWithoutAnyProduct" time="2.418"/>
</testsuite> <!-- com.opencart.tests.SearchTest -->
