<?xml version="1.0" encoding="UTF-8"?>
<!-- Generated by org.testng.reporters.JUnitReportReporter -->
<testsuite hostname="Satheesh-Vidhya-Venpa" failures="0" tests="4" name="com.opencart.tests.RegisterTest" time="16.793" errors="0" timestamp="2024-05-31T14:37:58 IST" skipped="0">
  <testcase classname="com.opencart.tests.RegisterTest" name="verifyRegisteringAnAccountWithMandatoryFields" time="4.243"/>
  <testcase classname="com.opencart.tests.RegisterTest" name="verifyRegisteringAccountByProvidingAllFields" time="4.960"/>
  <testcase classname="com.opencart.tests.RegisterTest" name="verifyRegisteringAccountWithExistingEmailAddress" time="4.086"/>
  <testcase classname="com.opencart.tests.RegisterTest" name="verifyRegisteringAccountWithoutFillingAnyDetails" time="3.504"/>
</testsuite> <!-- com.opencart.tests.RegisterTest -->
