<?xml version="1.0" encoding="UTF-8"?>
<!-- Generated by org.testng.reporters.JUnitReportReporter -->
<testsuite hostname="Satheesh-Vidhya-Venpa" failures="0" tests="4" name="com.opencart.tests.RegisterTest" time="18.758" errors="0" timestamp="2024-05-31T15:56:53 IST" skipped="0">
  <testcase classname="com.opencart.tests.RegisterTest" name="verifyRegisteringAnAccountWithMandatoryFields" time="5.136"/>
  <testcase classname="com.opencart.tests.RegisterTest" name="verifyRegisteringAccountByProvidingAllFields" time="5.098"/>
  <testcase classname="com.opencart.tests.RegisterTest" name="verifyRegisteringAccountWithExistingEmailAddress" time="4.869"/>
  <testcase classname="com.opencart.tests.RegisterTest" name="verifyRegisteringAccountWithoutFillingAnyDetails" time="3.655"/>
</testsuite> <!-- com.opencart.tests.RegisterTest -->
