<?xml version="1.0" encoding="UTF-8"?>
<!-- Generated by org.testng.reporters.JUnitReportReporter -->
<testsuite hostname="Satheesh-Vidhya-Venpa" failures="0" tests="3" name="com.opencart.tests.SearchTest" time="7.259" errors="0" timestamp="2024-05-31T15:56:53 IST" skipped="0">
  <testcase classname="com.opencart.tests.SearchTest" name="verifySearchWithValidProduct" time="3.180"/>
  <testcase classname="com.opencart.tests.SearchTest" name="verifySearchWithInvalidProduct" time="2.196"/>
  <testcase classname="com.opencart.tests.SearchTest" name="verifySearchWithoutAnyProduct" time="1.883"/>
</testsuite> <!-- com.opencart.tests.SearchTest -->
